"../../../../../../Users/Ole.Jaller/Documents/GitHub/EarthProjectZero/Content/NewBlueprint.uasset" 0
"../../../../../../Users/Ole.Jaller/Documents/GitHub/EarthProjectZero/Content/Food_Pack_01/Textures/T_Food_Veg_Broccoli_01_D.uasset" 1
"../../../../../../Users/Ole.Jaller/Documents/GitHub/EarthProjectZero/Content/Food_Pack_01/Textures/T_Food_Veg_Broccoli_01_M.uasset" 2
"../../../../../../Users/Ole.Jaller/Documents/GitHub/EarthProjectZero/Content/Food_Pack_01/Textures/T_Food_Veg_Broccoli_01_N.uasset" 3
"../../../../../../Users/Ole.Jaller/Documents/GitHub/EarthProjectZero/Content/Food_Pack_01/Materials/MM_FoodItems_01.uasset" 4
"../../../../../../Users/Ole.Jaller/Documents/GitHub/EarthProjectZero/Content/Food_Pack_01/Textures/T_Food_Fruit_Apple_Red_01_D.uasset" 5
"../../../../../../Users/Ole.Jaller/Documents/GitHub/EarthProjectZero/Content/Food_Pack_01/Textures/T_Food_Fruit_Apple_Red_01_M.uasset" 6
"../../../../../../Users/Ole.Jaller/Documents/GitHub/EarthProjectZero/Content/Food_Pack_01/Textures/T_Food_Fruit_Apple_Red_01_N.uasset" 7
"../../../../../../Users/Ole.Jaller/Documents/GitHub/EarthProjectZero/Content/Food_Pack_01/Materials/M_Food_Fruit_Apple_Red_01.uasset" 8
"../../../../../../Users/Ole.Jaller/Documents/GitHub/EarthProjectZero/Content/Food_Pack_01/MoreMeshes/Milk.uasset" 9
"../../../../../../Users/Ole.Jaller/Documents/GitHub/EarthProjectZero/Content/Food_Pack_01/MoreMeshes/M_Milk.uasset" 10
"../../../Engine/Content/Functions/Engine_MaterialFunctions01/WorldPositionOffset/SimpleGrassWind.uasset" 11
"../../../../../../Users/Ole.Jaller/Documents/GitHub/EarthProjectZero/Content/InfinityBladeGrassLands/Environments/Earth/Textures/T_Cherry_Tree_Flowers_D.uasset" 12
"../../../../../../Users/Ole.Jaller/Documents/GitHub/EarthProjectZero/Content/InfinityBladeGrassLands/Environments/Earth/Textures/T_Cherry_Tree_Flowers_N.uasset" 13
"../../../../../../Users/Ole.Jaller/Documents/GitHub/EarthProjectZero/Content/InfinityBladeGrassLands/Environments/Earth/Materials/M_Cherry_Tree.uasset" 14
"../../../../../../Users/Ole.Jaller/Documents/GitHub/EarthProjectZero/Content/InfinityBladeGrassLands/Environments/Earth/Textures/T_Plants_D.uasset" 15
"../../../../../../Users/Ole.Jaller/Documents/GitHub/EarthProjectZero/Content/InfinityBladeGrassLands/Environments/Earth/Textures/T_Plants_N.uasset" 16
"../../../../../../Users/Ole.Jaller/Documents/GitHub/EarthProjectZero/Content/InfinityBladeGrassLands/Environments/Earth/Materials/M_Exo_Generic_Plants.uasset" 17
"../../../../../../Users/Ole.Jaller/Documents/GitHub/EarthProjectZero/Content/InfinityBladeGrassLands/Environments/Earth/Textures/T_GroundCover_Leaf01_D.uasset" 18
"../../../../../../Users/Ole.Jaller/Documents/GitHub/EarthProjectZero/Content/InfinityBladeGrassLands/Environments/Earth/Textures/T_GroundCover_Leaf01_N.uasset" 19
"../../../../../../Users/Ole.Jaller/Documents/GitHub/EarthProjectZero/Content/InfinityBladeGrassLands/Environments/Earth/Materials/M_GroundCover_LEafy.uasset" 20
"../../../../../../Users/Ole.Jaller/Documents/GitHub/EarthProjectZero/Content/InfinityBladeGrassLands/Environments/Earth/Textures/T_TreeBase1_D.uasset" 21
"../../../../../../Users/Ole.Jaller/Documents/GitHub/EarthProjectZero/Content/InfinityBladeGrassLands/Environments/Earth/Textures/T_TreeBase1_N.uasset" 22
"../../../../../../Users/Ole.Jaller/Documents/GitHub/EarthProjectZero/Content/InfinityBladeGrassLands/Environments/Earth/Materials/M_TreeBark.uasset" 23
"../../../../../../Users/Ole.Jaller/Documents/GitHub/EarthProjectZero/Content/ThirdPersonBP/Blueprints/BP_DummeyBlocker.uasset" 24
"../../../../../../Users/Ole.Jaller/Documents/GitHub/EarthProjectZero/Content/Materials/Masters/M_Grid.uasset" 25
"../../../../../../Users/Ole.Jaller/Documents/GitHub/EarthProjectZero/Content/Materials/MI_Grid_Inst.uasset" 26
"../../../Engine/Content/Functions/Engine_MaterialFunctions01/Opacity/CameraDepthFade.uasset" 27
"../../../Engine/Content/EngineMaterials/T_Default_Material_Grid_M.uasset" 28
"../../../Engine/Content/EngineMaterials/T_Default_Material_Grid_N.uasset" 29
"../../../Engine/Content/EngineMaterials/WorldGridMaterial.uasset" 30
"../../../Engine/Content/BasicShapes/Plane.uasset" 31
"../../../../../../Users/Ole.Jaller/Documents/GitHub/EarthProjectZero/Content/ThirdPersonBP/Blueprints/BP_Grid.uasset" 32
"../../../../../../Users/Ole.Jaller/Documents/GitHub/EarthProjectZero/Content/Audio/BGM_Ambient.uasset" 33
"../../../../../../Users/Ole.Jaller/Documents/GitHub/EarthProjectZero/Content/Audio/BGM.uasset" 34
"../../../../../../Users/Ole.Jaller/Documents/GitHub/EarthProjectZero/Content/ThirdPersonBP/Blueprints/CustomGameInstance.uasset" 35
"../../../../../../Users/Ole.Jaller/Documents/GitHub/EarthProjectZero/Content/ThirdPersonBP/Blueprints/Kiddos-Demo.uasset" 36
"../../../../../../Users/Ole.Jaller/Documents/GitHub/EarthProjectZero/Content/ThirdPersonBP/Blueprints/ThirdPersonGameMode.uasset" 37
"../../../../../../Users/Ole.Jaller/Documents/GitHub/EarthProjectZero/Content/ThirdPersonBP/Blueprints/Baby/young_lightskinned_male_diffuse2.uasset" 38
"../../../../../../Users/Ole.Jaller/Documents/GitHub/EarthProjectZero/Content/ThirdPersonBP/Blueprints/Baby/old_caucasian_male_detailed.uasset" 39
"../../../../../../Users/Ole.Jaller/Documents/GitHub/EarthProjectZero/Content/ThirdPersonBP/Blueprints/Baby/ProjectZeroKid_base_obj.uasset" 40
"../../../../../../Users/Ole.Jaller/Documents/GitHub/EarthProjectZero/Content/ThirdPersonBP/Blueprints/Baby/eyebrow007.uasset" 41
"../../../../../../Users/Ole.Jaller/Documents/GitHub/EarthProjectZero/Content/ThirdPersonBP/Blueprints/Baby/eyebrow006.uasset" 42
"../../../../../../Users/Ole.Jaller/Documents/GitHub/EarthProjectZero/Content/ThirdPersonBP/Blueprints/Baby/ProjectZeroKid_eyebrow006_obj.uasset" 43
"../../../../../../Users/Ole.Jaller/Documents/GitHub/EarthProjectZero/Content/ThirdPersonBP/Blueprints/Baby/brown_eye.uasset" 44
"../../../../../../Users/Ole.Jaller/Documents/GitHub/EarthProjectZero/Content/ThirdPersonBP/Blueprints/Baby/Eye_brown.uasset" 45
"../../../../../../Users/Ole.Jaller/Documents/GitHub/EarthProjectZero/Content/ThirdPersonBP/Blueprints/Baby/ProjectZeroKid_high-poly_obj.uasset" 46
"../../../../../../Users/Ole.Jaller/Documents/GitHub/EarthProjectZero/Content/ThirdPersonBP/Blueprints/Baby/male_casualsuit06_diffuse.uasset" 47
"../../../../../../Users/Ole.Jaller/Documents/GitHub/EarthProjectZero/Content/ThirdPersonBP/Blueprints/Baby/male_casualsuit06.uasset" 48
"../../../../../../Users/Ole.Jaller/Documents/GitHub/EarthProjectZero/Content/ThirdPersonBP/Blueprints/Baby/ProjectZeroKid_male_casualsuit06_obj.uasset" 49
"../../../../../../Users/Ole.Jaller/Documents/GitHub/EarthProjectZero/Content/ThirdPersonBP/Blueprints/Baby/shoes05_diffuse.uasset" 50
"../../../../../../Users/Ole.Jaller/Documents/GitHub/EarthProjectZero/Content/ThirdPersonBP/Blueprints/Baby/Shoes05.uasset" 51
"../../../../../../Users/Ole.Jaller/Documents/GitHub/EarthProjectZero/Content/ThirdPersonBP/Blueprints/Baby/ProjectZeroKid_shoes05_obj.uasset" 52
"../../../../../../Users/Ole.Jaller/Documents/GitHub/EarthProjectZero/Content/ThirdPersonBP/Blueprints/Baby/short01_diffuse.uasset" 53
"../../../../../../Users/Ole.Jaller/Documents/GitHub/EarthProjectZero/Content/ThirdPersonBP/Blueprints/Baby/mhair01black.uasset" 54
"../../../../../../Users/Ole.Jaller/Documents/GitHub/EarthProjectZero/Content/ThirdPersonBP/Blueprints/Baby/ProjectZeroKid_short01_obj.uasset" 55
"../../../../../../Users/Ole.Jaller/Documents/GitHub/EarthProjectZero/Content/ThirdPersonBP/Blueprints/Baby/BP_Baby.uasset" 56
"../../../../../../Users/Ole.Jaller/Documents/GitHub/EarthProjectZero/Content/TestFolder/Textures/T_Food_Veg_Broccoli_01_D.uasset" 57
"../../../../../../Users/Ole.Jaller/Documents/GitHub/EarthProjectZero/Content/TestFolder/Textures/T_Food_Veg_Broccoli_01_M.uasset" 58
"../../../../../../Users/Ole.Jaller/Documents/GitHub/EarthProjectZero/Content/TestFolder/Textures/T_Food_Veg_Broccoli_01_N.uasset" 59
"../../../../../../Users/Ole.Jaller/Documents/GitHub/EarthProjectZero/Content/TestFolder/Materials/MM_FoodItems_01.uasset" 60
"../../../../../../Users/Ole.Jaller/Documents/GitHub/EarthProjectZero/Content/TestFolder/Textures/T_Food_Bread_Muffin_01_D.uasset" 61
"../../../../../../Users/Ole.Jaller/Documents/GitHub/EarthProjectZero/Content/TestFolder/Textures/T_Food_Bread_Muffin_01_M.uasset" 62
"../../../../../../Users/Ole.Jaller/Documents/GitHub/EarthProjectZero/Content/TestFolder/Textures/T_Food_Bread_Muffin_01_N.uasset" 63
"../../../../../../Users/Ole.Jaller/Documents/GitHub/EarthProjectZero/Content/TestFolder/Materials/M_Food_Bread_Muffin_01.uasset" 64
"../../../../../../Users/Ole.Jaller/Documents/GitHub/EarthProjectZero/Content/TestFolder/Food_Bread_Muffin_01.uasset" 65
"../../../../../../Users/Ole.Jaller/Documents/GitHub/EarthProjectZero/Content/ThirdPersonBP/Blueprints/Blockings_Interacts/Blocking.uasset" 66
"../../../Engine/Content/EditorBlueprintResources/StandardMacros.uasset" 67
"../../../../../../Users/Ole.Jaller/Documents/GitHub/EarthProjectZero/Content/Mannequin/Character/Mesh/UE4_Mannequin_Skeleton.uasset" 68
"../../../../../../Users/Ole.Jaller/Documents/GitHub/EarthProjectZero/Content/Mannequin/Animations/ThirdPerson_Jump.uasset" 69
"../../../../../../Users/Ole.Jaller/Documents/GitHub/EarthProjectZero/Content/Mannequin/Animations/ThirdPersonJump_Loop.uasset" 70
"../../../../../../Users/Ole.Jaller/Documents/GitHub/EarthProjectZero/Content/Mannequin/Animations/ThirdPersonJump_Start.uasset" 71
"../../../../../../Users/Ole.Jaller/Documents/GitHub/EarthProjectZero/Content/Mannequin/Animations/ThirdPersonIdle.uasset" 72
"../../../../../../Users/Ole.Jaller/Documents/GitHub/EarthProjectZero/Content/Mannequin/Animations/ThirdPersonRun.uasset" 73
"../../../../../../Users/Ole.Jaller/Documents/GitHub/EarthProjectZero/Content/Mannequin/Animations/ThirdPersonWalk.uasset" 74
"../../../../../../Users/Ole.Jaller/Documents/GitHub/EarthProjectZero/Content/Mannequin/Animations/ThirdPerson_IdleRun_2D.uasset" 75
"../../../../../../Users/Ole.Jaller/Documents/GitHub/EarthProjectZero/Content/Mannequin/Animations/ThirdPerson_AnimBP.uasset" 76
"../../../../../../Users/Ole.Jaller/Documents/GitHub/EarthProjectZero/Content/M_Grid.uasset" 77
"../../../../../../Users/Ole.Jaller/Documents/GitHub/EarthProjectZero/Content/M_Grid_Inst.uasset" 78
"../../../../../../Users/Ole.Jaller/Documents/GitHub/EarthProjectZero/Content/BP_Grid.uasset" 79
"../../../../../../Users/Ole.Jaller/Documents/GitHub/EarthProjectZero/Content/ThirdPersonBP/Blueprints/BPI/BPI_Movable.uasset" 80
"../../../Engine/Content/BasicShapes/BasicShapeMaterial.uasset" 81
"../../../../../../Users/Ole.Jaller/Documents/GitHub/EarthProjectZero/Content/M_Outline.uasset" 82
"../../../../../../Users/Ole.Jaller/Documents/GitHub/EarthProjectZero/Content/M_Outline_Inst.uasset" 83
"../../../../../../Users/Ole.Jaller/Documents/GitHub/EarthProjectZero/Content/Materials/Masters/M_Translucent.uasset" 84
"../../../../../../Users/Ole.Jaller/Documents/GitHub/EarthProjectZero/Content/Materials/MI_Translucent.uasset" 85
"../../../Engine/Content/BasicShapes/Cube.uasset" 86
"../../../../../../Users/Ole.Jaller/Documents/GitHub/EarthProjectZero/Content/RealDummy.uasset" 87
"../../../../../../Users/Ole.Jaller/Documents/GitHub/EarthProjectZero/Content/ThirdPersonBP/Blueprints/Cursor/hand-306763_960_720.uasset" 88
"../../../../../../Users/Ole.Jaller/Documents/GitHub/EarthProjectZero/Content/ThirdPersonBP/Blueprints/Cursor/WBP_Cursor.uasset" 89
"../../../../../../Users/Ole.Jaller/Documents/GitHub/EarthProjectZero/Content/Audio/BlockPlace.uasset" 90
"../../../../../../Users/Ole.Jaller/Documents/GitHub/EarthProjectZero/Content/Audio/PickUpBlock.uasset" 91
"../../../../../../Users/Ole.Jaller/Documents/GitHub/EarthProjectZero/Content/ThirdPersonBP/Blueprints/Cursor/Hand2.uasset" 92
"../../../../../../Users/Ole.Jaller/Documents/GitHub/EarthProjectZero/Content/ThirdPersonBP/Blueprints/Enum_camView.uasset" 93
"../../../../../../Users/Ole.Jaller/Documents/GitHub/EarthProjectZero/Content/ThirdPersonBP/Blueprints/CraneCameraPawn.uasset" 94
"../../../../../../Users/Ole.Jaller/Documents/GitHub/EarthProjectZero/Content/ThirdPersonBP/Blueprints/HumanAntBPI.uasset" 95
"../../../Engine/Content/Functions/Engine_MaterialFunctions02/Utility/BlendAngleCorrectedNormals.uasset" 96
"../../../Engine/Content/Functions/MaterialLayerFunctions/MatLayerBlend_NormalBlend.uasset" 97
"../../../Engine/Content/Functions/MaterialLayerFunctions/MatLayerBlend_Simple.uasset" 98
"../../../../../../Users/Ole.Jaller/Documents/GitHub/EarthProjectZero/Content/Mannequin/Character/Materials/MaterialLayers/T_ML_Rubber_Blue_01_D.uasset" 99
"../../../../../../Users/Ole.Jaller/Documents/GitHub/EarthProjectZero/Content/Mannequin/Character/Materials/MaterialLayers/T_ML_Rubber_Blue_01_N.uasset" 100
"../../../../../../Users/Ole.Jaller/Documents/GitHub/EarthProjectZero/Content/Mannequin/Character/Materials/MaterialLayers/ML_GlossyBlack_Latex_UE4.uasset" 101
"../../../../../../Users/Ole.Jaller/Documents/GitHub/EarthProjectZero/Content/Mannequin/Character/Materials/MaterialLayers/ML_Plastic_Shiny_Beige.uasset" 102
"../../../../../../Users/Ole.Jaller/Documents/GitHub/EarthProjectZero/Content/Mannequin/Character/Textures/UE4_LOGO_CARD.uasset" 103
"../../../../../../Users/Ole.Jaller/Documents/GitHub/EarthProjectZero/Content/Mannequin/Character/Materials/MaterialLayers/ML_Plastic_Shiny_Beige_LOGO.uasset" 104
"../../../../../../Users/Ole.Jaller/Documents/GitHub/EarthProjectZero/Content/Mannequin/Character/Materials/MaterialLayers/T_ML_Aluminum01.uasset" 105
"../../../../../../Users/Ole.Jaller/Documents/GitHub/EarthProjectZero/Content/Mannequin/Character/Materials/MaterialLayers/T_ML_Aluminum01_N.uasset" 106
"../../../../../../Users/Ole.Jaller/Documents/GitHub/EarthProjectZero/Content/Mannequin/Character/Materials/MaterialLayers/ML_SoftMetal_UE4.uasset" 107
"../../../../../../Users/Ole.Jaller/Documents/GitHub/EarthProjectZero/Content/Mannequin/Character/Textures/UE4_Mannequin__normals.uasset" 108
"../../../../../../Users/Ole.Jaller/Documents/GitHub/EarthProjectZero/Content/Mannequin/Character/Textures/UE4_Mannequin_MAT_MASKA.uasset" 109
"../../../../../../Users/Ole.Jaller/Documents/GitHub/EarthProjectZero/Content/Mannequin/Character/Materials/M_UE4Man_Body.uasset" 110
"../../../../../../Users/Ole.Jaller/Documents/GitHub/EarthProjectZero/Content/Mannequin/Character/Textures/UE4Man_Logo_N.uasset" 111
"../../../../../../Users/Ole.Jaller/Documents/GitHub/EarthProjectZero/Content/Mannequin/Character/Materials/M_UE4Man_ChestLogo.uasset" 112
"../../../../../../Users/Ole.Jaller/Documents/GitHub/EarthProjectZero/Content/Mannequin/Character/Mesh/SK_Mannequin_PhysicsAsset.uasset" 113
"../../../../../../Users/Ole.Jaller/Documents/GitHub/EarthProjectZero/Content/Mannequin/Character/Mesh/SK_Mannequin.uasset" 114
"../../../../../../Users/Ole.Jaller/Documents/GitHub/EarthProjectZero/Content/ThirdPersonBP/Blueprints/TimKid.uasset" 115
"../../../../../../Users/Ole.Jaller/Documents/GitHub/EarthProjectZero/Content/ThirdPersonBP/Blueprints/Font.uasset" 116
"../../../../../../Users/Ole.Jaller/Documents/GitHub/EarthProjectZero/Content/ThirdPersonBP/Blueprints/Widgets/WBP_PauseScreen.uasset" 117
"../../../../../../Users/Ole.Jaller/Documents/GitHub/EarthProjectZero/Content/ThirdPersonBP/Blueprints/ThirdPersonCharacter.uasset" 118
"../../../../../../Users/Ole.Jaller/Documents/GitHub/EarthProjectZero/Content/BP_OutlineActor.uasset" 119
"../../../../../../Users/Ole.Jaller/Documents/GitHub/EarthProjectZero/Content/TestFolder/Textures/T_Food_Bread_Loaf_Multi_01_D.uasset" 120
"../../../../../../Users/Ole.Jaller/Documents/GitHub/EarthProjectZero/Content/TestFolder/Textures/T_Food_Bread_Loaf_Multi_01_M.uasset" 121
"../../../../../../Users/Ole.Jaller/Documents/GitHub/EarthProjectZero/Content/TestFolder/Textures/T_Food_Bread_Loaf_Multi_01_N.uasset" 122
"../../../../../../Users/Ole.Jaller/Documents/GitHub/EarthProjectZero/Content/TestFolder/Materials/M_Food_Bread_Loaf_Multi_01.uasset" 123
"../../../../../../Users/Ole.Jaller/Documents/GitHub/EarthProjectZero/Content/TestFolder/Food_Bread_Loaf_Multi_01.uasset" 124
"../../../../../../Users/Ole.Jaller/Documents/GitHub/EarthProjectZero/Content/ThirdPersonBP/Blueprints/Blockings_Interacts/Blocking3.uasset" 125
"../../../../../../Users/Ole.Jaller/Documents/GitHub/EarthProjectZero/Content/TestFolder/Textures/T_Food_Bread_Dount_01_D.uasset" 126
"../../../../../../Users/Ole.Jaller/Documents/GitHub/EarthProjectZero/Content/TestFolder/Textures/T_Food_Bread_Dount_01_M.uasset" 127
"../../../../../../Users/Ole.Jaller/Documents/GitHub/EarthProjectZero/Content/TestFolder/Textures/T_Food_Bread_Dount_01_N.uasset" 128
"../../../../../../Users/Ole.Jaller/Documents/GitHub/EarthProjectZero/Content/TestFolder/Materials/MM_Food_Bread_Dount_01.uasset" 129
"../../../../../../Users/Ole.Jaller/Documents/GitHub/EarthProjectZero/Content/TestFolder/Materials/M_Food_Bread_Dount_01.uasset" 130
"../../../../../../Users/Ole.Jaller/Documents/GitHub/EarthProjectZero/Content/TestFolder/Food_Bread_Dount_01.uasset" 131
"../../../../../../Users/Ole.Jaller/Documents/GitHub/EarthProjectZero/Content/ThirdPersonBP/Blueprints/Blockings_Interacts/Blocking4.uasset" 132
"../../../../../../Users/Ole.Jaller/Documents/GitHub/EarthProjectZero/Content/ThirdPersonBP/Blueprints/Elevator/ElevationBPI.uasset" 133
"../../../../../../Users/Ole.Jaller/Documents/GitHub/EarthProjectZero/Content/Geometry/Meshes/CubeMaterial.uasset" 134
"../../../../../../Users/Ole.Jaller/Documents/GitHub/EarthProjectZero/Content/Geometry/Meshes/1M_Cube.uasset" 135
"../../../../../../Users/Ole.Jaller/Documents/GitHub/EarthProjectZero/Content/ThirdPersonBP/Blueprints/Elevator/BP_ButtonActivatedElevator.uasset" 136
"../../../../../../Users/Ole.Jaller/Documents/GitHub/EarthProjectZero/Content/ThirdPersonBP/Blueprints/Elevator/BP_Elevator1_ButtonActivatedElevator_Child1.uasset" 137
"../../../Engine/Content/Functions/Engine_MaterialFunctions01/Gradient/LinearGradient.uasset" 138
"../../../Engine/Content/Functions/Engine_MaterialFunctions01/ImageAdjustment/CheapContrast.uasset" 139
"../../../Engine/Content/EngineMaterials/DefaultDiffuse.uasset" 140
"../../../Engine/Content/Functions/Engine_MaterialFunctions01/Texturing/WorldAlignedTexture.uasset" 141
"../../../../../../Users/Ole.Jaller/Documents/GitHub/EarthProjectZero/Content/Materials/Textures/Checkerboard2.uasset" 142
"../../../../../../Users/Ole.Jaller/Documents/GitHub/EarthProjectZero/Content/StarterContent/Textures/T_Rock_Slate_N.uasset" 143
"../../../../../../Users/Ole.Jaller/Documents/GitHub/EarthProjectZero/Content/Materials/Masters/M_Checkerboard.uasset" 144
"../../../../../../Users/Ole.Jaller/Documents/GitHub/EarthProjectZero/Content/ThirdPersonBP/Blueprints/Test/BP_Test.uasset" 145
"../../../../../../Users/Ole.Jaller/Documents/GitHub/EarthProjectZero/Content/ThirdPersonBP/Blueprints/Test/BP_Test2.uasset" 146
"../../../../../../Users/Ole.Jaller/Documents/GitHub/EarthProjectZero/Content/ThirdPersonBP/Blueprints/Test/BP_TestThree.uasset" 147
"../../../../../../Users/Ole.Jaller/Documents/GitHub/EarthProjectZero/Content/ThirdPersonBP/Blueprints/Widgets/WinScreen.uasset" 148
"../../../Engine/Content/Animation/DefaultAnimCurveCompressionSettings.uasset" 149
"../../../Engine/Content/ArtTools/RenderToTexture/Meshes/S_1_Unit_Plane.uasset" 150
"../../../Engine/Content/EngineMaterials/DefaultMaterial.uasset" 151
"../../../Engine/Content/BasicShapes/Cone.uasset" 152
"../../../Engine/Content/BasicShapes/Cylinder.uasset" 153
"../../../Engine/Content/BasicShapes/Sphere.uasset" 154
"../../../Engine/Content/EditorLandscapeResources/DataLayer.uasset" 155
"../../../Engine/Content/EditorMaterials/MAT_Groups_Toggle.uasset" 156
"../../../Engine/Content/EditorMaterials/MAT_Groups_Visibility.uasset" 157
"../../../Engine/Content/EditorMaterials/PreviewShadowIndicator.uasset" 158
"../../../Engine/Content/EditorMaterials/PreviewShadowIndicatorMaterial.uasset" 159
"../../../Engine/Content/EditorMaterials/MatineeGroups/MAT_ColorTrack.uasset" 160
"../../../Engine/Content/EditorMaterials/MatineeGroups/MAT_Groups_Anim.uasset" 161
"../../../Engine/Content/EditorMaterials/MatineeGroups/MAT_Groups_AudioMaster.uasset" 162
"../../../Engine/Content/EditorMaterials/MatineeGroups/MAT_Groups_Director.uasset" 163
"../../../Engine/Content/EditorMaterials/MatineeGroups/MAT_Groups_Event.uasset" 164
"../../../Engine/Content/EditorMaterials/MatineeGroups/MAT_Groups_Fade.uasset" 165
"../../../Engine/Content/EditorMaterials/MatineeGroups/MAT_Groups_Float.uasset" 166
"../../../Engine/Content/EditorMaterials/MatineeGroups/MAT_Groups_Move.uasset" 167
"../../../Engine/Content/EditorMaterials/MatineeGroups/MAT_Groups_Slomo.uasset" 168
"../../../Engine/Content/EditorMaterials/MatineeGroups/MAT_Groups_Sound.uasset" 169
"../../../Engine/Content/EditorMaterials/MatineeGroups/MAT_Groups_Vector.uasset" 170
"../../../Engine/Content/EditorMaterials/ParticleSystems/PSysThumbnail_NoImage.uasset" 171
"../../../Engine/Content/EditorMaterials/ParticleSystems/PSysThumbnail_OOD.uasset" 172
"../../../Engine/Content/EditorMaterials/Camera/CineMat.uasset" 173
"../../../Engine/Content/EditorMaterials/Camera/MI_CineMat_Rig.uasset" 174
"../../../Engine/Content/EditorMeshes/Camera/SM_CraneRig_Arm.uasset" 175
"../../../Engine/Content/EditorMeshes/Camera/SM_CraneRig_Base.uasset" 176
"../../../Engine/Content/EditorMeshes/Camera/SM_CraneRig_Body.uasset" 177
"../../../Engine/Content/EditorMeshes/Camera/SM_CraneRig_Mount.uasset" 178
"../../../Engine/Content/EditorMeshes/Camera/SM_RailRig_Mount.uasset" 179
"../../../Engine/Content/EditorMeshes/Camera/SM_RailRig_Track.uasset" 180
"../../../Engine/Content/EditorResources/BSPVertex.uasset" 181
"../../../Engine/Content/EditorResources/EmptyActor.uasset" 182
"../../../Engine/Content/EditorResources/S_Actor.uasset" 183
"../../../Engine/Content/EditorResources/S_Note.uasset" 184
"../../../Engine/Content/EditorResources/S_Solver.uasset" 185
"../../../Engine/Content/EditorResources/S_Trigger.uasset" 186
"../../../Engine/Content/EditorResources/LightIcons/S_LightError.uasset" 187
"../../../Engine/Content/EditorResources/SequenceRecorder/Countdown.uasset" 188
"../../../Engine/Content/EditorResources/SequenceRecorder/RecordingIndicator.uasset" 189
"../../../Engine/Content/EditorSounds/Notifications/CompileFailed.uasset" 190
"../../../Engine/Content/EditorSounds/Notifications/CompileFailed_Cue.uasset" 191
"../../../Engine/Content/EditorSounds/Notifications/CompileSuccess.uasset" 192
"../../../Engine/Content/EditorSounds/Notifications/CompileStart_Cue.uasset" 193
"../../../Engine/Content/EditorSounds/Notifications/CompileSuccess_Cue.uasset" 194
"../../../Engine/Content/EngineDamageTypes/DmgTypeBP_Environmental.uasset" 195
"../../../Engine/Content/EngineDebugMaterials/DebugEditorMaterial.uasset" 196
"../../../Engine/Content/EngineDebugMaterials/DebugMeshMaterial.uasset" 197
"../../../Engine/Content/EngineDebugMaterials/M_SimpleTranslucent.uasset" 198
"../../../Engine/Content/Functions/Engine_MaterialFunctions02/Utility/CameraDirectionVector.uasset" 199
"../../../Engine/Content/EngineDebugMaterials/VolumeToRender.uasset" 200
"../../../Engine/Content/EngineDebugMaterials/M_VolumeRenderSphereTracePP.uasset" 201
"../../../Engine/Content/EngineDebugMaterials/WireframeMaterial.uasset" 202
"../../../Engine/Content/EngineFonts/Faces/DroidSansFallback.uasset" 203
"../../../Engine/Content/EngineFonts/Faces/RobotoBold.uasset" 204
"../../../Engine/Content/EngineFonts/Faces/RobotoBoldItalic.uasset" 205
"../../../Engine/Content/EngineFonts/Faces/RobotoItalic.uasset" 206
"../../../Engine/Content/EngineFonts/Faces/RobotoLight.uasset" 207
"../../../Engine/Content/EngineFonts/Faces/RobotoRegular.uasset" 208
"../../../Engine/Content/EngineFonts/Roboto.uasset" 209
"../../../Engine/Content/EngineMaterials/BaseFlattenDiffuseMap.uasset" 210
"../../../Engine/Content/EngineMaterials/BaseFlattenEmissiveMap.uasset" 211
"../../../Engine/Content/EngineMaterials/BaseFlattenGrayscaleMap.uasset" 212
"../../../Engine/Content/EngineMaterials/BaseFlattenNormalMap.uasset" 213
"../../../Engine/Content/EngineMaterials/BaseFlattenMaterial.uasset" 214
"../../../Engine/Content/EngineMaterials/BlueNoise.uasset" 215
"../../../Engine/Content/EngineMaterials/DefaultBloomKernel.uasset" 216
"../../../Engine/Content/EngineMaterials/DefaultBokeh.uasset" 217
"../../../Engine/Content/EngineMaterials/DefaultDeferredDecalMaterial.uasset" 218
"../../../Engine/Content/EngineMaterials/DefaultLightFunctionMaterial.uasset" 219
"../../../Engine/Content/Functions/Engine_MaterialFunctions02/Utility/BreakOutFloat2Components.uasset" 220
"../../../Engine/Content/EngineMaterials/DefaultPostProcessMaterial.uasset" 221
"../../../Engine/Content/EngineFonts/RobotoDistanceField.uasset" 222
"../../../Engine/Content/EngineMaterials/DefaultTextMaterialOpaque.uasset" 223
"../../../Engine/Content/EngineMaterials/DefaultVirtualTextureMaterial.uasset" 224
"../../../Engine/Content/EngineMaterials/DefaultWhiteGrid.uasset" 225
"../../../Engine/Content/EngineMaterials/DefaultWhiteGrid_Low.uasset" 226
"../../../Engine/Content/EngineMaterials/EmissiveMeshMaterial.uasset" 227
"../../../Engine/Content/EngineMaterials/GizmoMaterial.uasset" 228
"../../../Engine/Content/EngineMaterials/Good64x64TilingNoiseHighFreq.uasset" 229
"../../../Engine/Content/EngineMaterials/HairDefaultMaterial.uasset" 230
"../../../Engine/Content/EngineMaterials/MiniFont.uasset" 231
"../../../Engine/Content/EngineMaterials/InvalidLightmapSettings.uasset" 232
"../../../Engine/Content/EngineMaterials/M_InvalidLightmapSettings.uasset" 233
"../../../Engine/Content/Functions/Engine_MaterialFunctions02/WorldPositionOffset/CameraOffset.uasset" 234
"../../../Engine/Content/EngineMaterials/PhAT_JointLimitMaterial.uasset" 235
"../../../Engine/Content/EngineMaterials/PreintegratedSkinBRDF.uasset" 236
"../../../Engine/Content/EngineMaterials/RemoveSurfaceMaterial.uasset" 237
"../../../Engine/Content/EngineMaterials/WeightMapPlaceholderTexture.uasset" 238
"../../../Engine/Content/EngineResources/WhiteSquareTexture.uasset" 239
"../../../Engine/Content/EngineMaterials/Widget3DPassThrough.uasset" 240
"../../../Engine/Content/EngineMaterials/Widget3DPassThrough_Masked.uasset" 241
"../../../Engine/Content/EngineMaterials/Widget3DPassThrough_Opaque.uasset" 242
"../../../Engine/Content/EngineMaterials/Widget3DPassThrough_Masked_OneSided.uasset" 243
"../../../Engine/Content/EngineMaterials/Widget3DPassThrough_Opaque_OneSided.uasset" 244
"../../../Engine/Content/EngineMaterials/Widget3DPassThrough_Translucent.uasset" 245
"../../../Engine/Content/EngineMaterials/Widget3DPassThrough_Translucent_OneSided.uasset" 246
"../../../Engine/Content/EngineMeshes/Cylinder.uasset" 247
"../../../Engine/Content/EngineMeshes/Sphere.uasset" 248
"../../../Engine/Content/EngineResources/Black.uasset" 249
"../../../Engine/Content/EngineResources/DefaultTexture.uasset" 250
"../../../Engine/Content/EngineResources/DefaultTextureCube.uasset" 251
"../../../Engine/Content/EngineResources/DefaultVolumeTexture2D.uasset" 252
"../../../Engine/Content/EngineResources/DefaultVolumeTexture.uasset" 253
"../../../Engine/Content/EngineResources/GradientTexture0.uasset" 254
"../../../Engine/Content/EngineSounds/Master.uasset" 255
"../../../Engine/Content/Functions/Engine_MaterialFunctions01/Shading/ConvertFromDiffSpec.uasset" 256
"../../../Engine/Content/Functions/Engine_MaterialFunctions01/Shading/PowerToRoughness.uasset" 257
"../../../Engine/Content/Maps/Templates/Thumbnails/Default.uasset" 258
"../../../Engine/Content/Maps/Templates/Thumbnails/TimeOfDay.uasset" 259
"../../../Engine/Content/Maps/Templates/Thumbnails/VR-Basic.uasset" 260
"../../../Engine/Content/MobileResources/T_MobileControls_texture.uasset" 261
"../../../Engine/Content/MobileResources/T_MobileMenu2.uasset" 262
"../../../Engine/Content/MobileResources/HUD/AnalogHat.uasset" 263
"../../../Engine/Content/MobileResources/HUD/VirtualJoystick_Background.uasset" 264
"../../../Engine/Content/MobileResources/HUD/VirtualJoystick_Thumb.uasset" 265
"../../../Engine/Content/MobileResources/HUD/DefaultVirtualJoysticks.uasset" 266
"../../../Engine/Content/MobileResources/HUD/LeftVirtualJoystickOnly.uasset" 267
"../../../Engine/Content/MobileResources/HUD/MobileHUDButton1_off.uasset" 268
"../../../Engine/Content/MobileResources/HUD/MobileHUDButton1_on.uasset" 269
"../../../Engine/Content/MobileResources/HUD/MobileHUDButton2_off.uasset" 270
"../../../Engine/Content/MobileResources/HUD/MobileHUDButton2_on.uasset" 271
"../../../Engine/Content/MobileResources/HUD/MobileHUDButton3.uasset" 272
"../../../Engine/Content/MobileResources/HUD/MobileHUDButtonFire.uasset" 273
"../../../Engine/Content/MobileResources/HUD/MobileHUDDirectionPad.uasset" 274
"../../../Engine/Content/MobileResources/HUD/MobileHUDDirectionPad2.uasset" 275
"../../../Engine/Content/MobileResources/HUD/MobileHUDDirectionPad3.uasset" 276
"../../../Engine/Content/MobileResources/HUD/MobileHUDDirectionStick.uasset" 277
"../../../Engine/Content/MobileResources/HUD/T_Castle_ThumbstickInner.uasset" 278
"../../../Engine/Content/MobileResources/HUD/T_Castle_ThumbstickOutter.uasset" 279
"../../../Engine/Content/Tutorial/ContentIntroCurve.uasset" 280
"../../../Engine/Content/Tutorial/Basics/LevelEditorAttract.uasset" 281
"../../../Engine/Content/Tutorial/Basics/TutorialAssets/icon_tab_Levels_40x.uasset" 282
"../../../Engine/Content/Tutorial/Basics/LevelEditorOverview.uasset" 283
"../../../Engine/Content/Tutorial/BlueprintTutorials/TutorialAssets/Blueprint_64x.uasset" 284
"../../../Engine/Content/Tutorial/BlueprintTutorials/BlueprintEditorTutorial.uasset" 285
"../../../Engine/Content/Tutorial/BlueprintTutorials/TutorialAssets/BlueprintInterface_64x.uasset" 286
"../../../Engine/Content/Tutorial/BlueprintTutorials/BlueprintInterfacesEditorOverview.uasset" 287
"../../../Engine/Content/Tutorial/BlueprintTutorials/TutorialAssets/Tutorial_BP_Interface.uasset" 288
"../../../Engine/Content/Tutorial/SubEditors/MaterialEditorTutorial.uasset" 289
"../../../Engine/Content/Tutorial/SubEditors/TutorialAssets/TutorialMaterial.uasset" 290
"../../../Engine/Content/VREditor/LaserPointer/VR_LaserPower_01.uasset" 291
"../../../Engine/Content/VREditor/TransformGizmo/TransformGizmoMaterial.uasset" 292
"../../../Engine/Content/VREditor/TransformGizmo/TranslucentTransformGizmoMaterial.uasset" 293
"../../../Engine/Content/VREditor/TransformGizmo/BoundingBoxCorner.uasset" 294
"../../../Engine/Content/VREditor/TransformGizmo/BoundingBoxEdge.uasset" 295
"../../../Engine/Content/VREditor/TransformGizmo/PlaneTranslationHandle.uasset" 296
"../../../Engine/Content/VREditor/TransformGizmo/Main.uasset" 297
"../../../Engine/Content/VREditor/TransformGizmo/Xray.uasset" 298
"../../../Engine/Content/VREditor/TransformGizmo/SM_Sequencer_Key.uasset" 299
"../../../Engine/Content/VREditor/TransformGizmo/SM_Sequencer_Node.uasset" 300
"../../Plugins/2D/Paper2D/Content/PlaceholderTextures/DummySpriteTexture.uasset" 301
"../../Plugins/2D/Paper2D/Content/DummySprite.uasset" 302
"../../Plugins/2D/Paper2D/Content/DefaultPaperTerrainMaterial.uasset" 303
"../../Plugins/2D/Paper2D/Content/DummySpriteTexture.uasset" 304
"../../Plugins/2D/Paper2D/Content/DefaultSpriteMaterial.uasset" 305
"../../Plugins/2D/Paper2D/Content/MaskedUnlitSpriteMaterial.uasset" 306
"../../Plugins/2D/Paper2D/Content/OpaqueUnlitSpriteMaterial.uasset" 307
"../../../Engine/Content/Functions/Engine_MaterialFunctions02/Utility/BreakOutFloat4Components.uasset" 308
"../../../Engine/Content/Functions/Engine_MaterialFunctions02/Utility/MakeFloat2.uasset" 309
"../../../Engine/Content/Functions/Engine_MaterialFunctions02/Utility/MakeFloat3.uasset" 310
"../../Plugins/Runtime/Oculus/OculusVR/Content/Materials/OculusMR_ChromaKey.uasset" 311
"../../Plugins/Runtime/Oculus/OculusVR/Content/Materials/OculusMR_ChromaKey_Lit.uasset" 312
"../../Plugins/Runtime/Oculus/OculusVR/Content/Materials/OculusMR_OpaqueColoredMaterial.uasset" 313
"../../Plugins/Runtime/Oculus/OculusVR/Content/Materials/OculusMR_WhiteMaterial.uasset" 314
"../../../Engine/Content/EngineSky/C_Sky_Cloud_Color.uasset" 315
"../../../Engine/Content/EngineSky/C_Sky_Horizon_Color.uasset" 316
"../../../Engine/Content/EngineSky/C_Sky_Zenith_Color.uasset" 317
"../../../Engine/Content/EngineSky/T_Sky_Blue.uasset" 318
"../../../Engine/Content/EngineSky/T_Sky_Clouds_M.uasset" 319
"../../../Engine/Content/EngineSky/T_Sky_Stars.uasset" 320
"../../../Engine/Content/EngineSky/M_Sky_Panning_Clouds2.uasset" 321
"../../../Engine/Content/EngineSky/SM_SkySphere.uasset" 322
"../../../Engine/Content/EngineSky/BP_Sky_Sphere.uasset" 323
"../../../../../../Users/Ole.Jaller/Documents/GitHub/EarthProjectZero/Content/Audio/Chew_Pick_Up_Win.uasset" 324
"../../../../../../Users/Ole.Jaller/Documents/GitHub/EarthProjectZero/Content/ThirdPersonBP/Blueprints/Widgets/WinScreen4.uasset" 325
"../../../../../../Users/Ole.Jaller/Documents/GitHub/EarthProjectZero/Content/ThirdPersonBP/Blueprints/Widgets/WBP_WinScreen.uasset" 326
"../../../../../../Users/Ole.Jaller/Documents/GitHub/EarthProjectZero/Content/ThirdPersonBP/Blueprints/BP_Goal.uasset" 327
"../../../../../../Users/Ole.Jaller/Documents/GitHub/EarthProjectZero/Content/TestFolder/Textures/T_Food_Fruit_Apple_Red_01_D.uasset" 328
"../../../../../../Users/Ole.Jaller/Documents/GitHub/EarthProjectZero/Content/TestFolder/Textures/T_Food_Fruit_Apple_Red_01_M.uasset" 329
"../../../../../../Users/Ole.Jaller/Documents/GitHub/EarthProjectZero/Content/TestFolder/Textures/T_Food_Fruit_Apple_Red_01_N.uasset" 330
"../../../../../../Users/Ole.Jaller/Documents/GitHub/EarthProjectZero/Content/TestFolder/Materials/M_Food_Fruit_Apple_Red_01.uasset" 331
"../../../../../../Users/Ole.Jaller/Documents/GitHub/EarthProjectZero/Content/StarterContent/Materials/M_Basic_Wall.uasset" 332
"../../../../../../Users/Ole.Jaller/Documents/GitHub/EarthProjectZero/Content/StarterContent/Shapes/Shape_Cylinder.uasset" 333
"../../../../../../Users/Ole.Jaller/Documents/GitHub/EarthProjectZero/Content/ThirdPersonBP/Blueprints/HumanAntSwapButton.uasset" 334
"../../../../../../Users/Ole.Jaller/Documents/GitHub/EarthProjectZero/Content/ThirdPersonBP/Maps/BasicRotationMap_BuiltData.uasset" 335
"../../../../../../Users/Ole.Jaller/Documents/GitHub/EarthProjectZero/Content/StarterContent/Textures/T_ground_Moss_D.uasset" 336
"../../../../../../Users/Ole.Jaller/Documents/GitHub/EarthProjectZero/Content/StarterContent/Textures/T_Ground_Moss_N.uasset" 337
"../../../../../../Users/Ole.Jaller/Documents/GitHub/EarthProjectZero/Content/StarterContent/Textures/T_MacroVariation.uasset" 338
"../../../../../../Users/Ole.Jaller/Documents/GitHub/EarthProjectZero/Content/StarterContent/Textures/T_Perlin_Noise_M.uasset" 339
"../../../../../../Users/Ole.Jaller/Documents/GitHub/EarthProjectZero/Content/StarterContent/Materials/M_Ground_Moss.uasset" 340
"../../../Engine/Content/EngineMaterials/DefaultPhysicalMaterial.uasset" 341
"../../../../../../Users/Ole.Jaller/Documents/GitHub/EarthProjectZero/Content/Food_Pack_01/Textures/T_Food_Bread_French_01_D.uasset" 342
"../../../../../../Users/Ole.Jaller/Documents/GitHub/EarthProjectZero/Content/Food_Pack_01/Textures/T_Food_Bread_French_01_M.uasset" 343
"../../../../../../Users/Ole.Jaller/Documents/GitHub/EarthProjectZero/Content/Food_Pack_01/Textures/T_Food_Bread_French_01_N.uasset" 344
"../../../../../../Users/Ole.Jaller/Documents/GitHub/EarthProjectZero/Content/Food_Pack_01/Materials/M_Food_Bread_French_01.uasset" 345
"../../../../../../Users/Ole.Jaller/Documents/GitHub/EarthProjectZero/Content/Food_Pack_01/Meshes/Food_Bread_French_01_Slice_01.uasset" 346
"../../../../../../Users/Ole.Jaller/Documents/GitHub/EarthProjectZero/Content/Food_Pack_01/Textures/T_Food_Bread_Loaf_Multi_01_D.uasset" 347
"../../../../../../Users/Ole.Jaller/Documents/GitHub/EarthProjectZero/Content/Food_Pack_01/Textures/T_Food_Bread_Loaf_Multi_01_M.uasset" 348
"../../../../../../Users/Ole.Jaller/Documents/GitHub/EarthProjectZero/Content/Food_Pack_01/Textures/T_Food_Bread_Loaf_Multi_01_N.uasset" 349
"../../../../../../Users/Ole.Jaller/Documents/GitHub/EarthProjectZero/Content/Food_Pack_01/Materials/M_Food_Bread_Loaf_Multi_01.uasset" 350
"../../../../../../Users/Ole.Jaller/Documents/GitHub/EarthProjectZero/Content/Food_Pack_01/Meshes/Food_Bread_Loaf_Multi_01.uasset" 351
"../../../../../../Users/Ole.Jaller/Documents/GitHub/EarthProjectZero/Content/Food_Pack_01/Meshes/Food_Bread_Loaf_Multi_01_Slice_01.uasset" 352
"../../../../../../Users/Ole.Jaller/Documents/GitHub/EarthProjectZero/Content/Food_Pack_01/Textures/T_Food_Fruit_Apple_Green_01_D.uasset" 353
"../../../../../../Users/Ole.Jaller/Documents/GitHub/EarthProjectZero/Content/Food_Pack_01/Textures/T_Food_Fruit_Apple_Green_01_M.uasset" 354
"../../../../../../Users/Ole.Jaller/Documents/GitHub/EarthProjectZero/Content/Food_Pack_01/Textures/T_Food_Fruit_Apple_Green_01_N.uasset" 355
"../../../../../../Users/Ole.Jaller/Documents/GitHub/EarthProjectZero/Content/Food_Pack_01/Materials/M_Food_Fruit_Apple_Green_01.uasset" 356
"../../../../../../Users/Ole.Jaller/Documents/GitHub/EarthProjectZero/Content/Food_Pack_01/Meshes/Food_Fruit_Apple_Green_01_Half_01.uasset" 357
"../../../../../../Users/Ole.Jaller/Documents/GitHub/EarthProjectZero/Content/Food_Pack_01/Textures/T_Food_Fruit_Watermelon_01_D.uasset" 358
"../../../../../../Users/Ole.Jaller/Documents/GitHub/EarthProjectZero/Content/Food_Pack_01/Textures/T_Food_Fruit_Watermelon_01_M.uasset" 359
"../../../../../../Users/Ole.Jaller/Documents/GitHub/EarthProjectZero/Content/Food_Pack_01/Textures/T_Food_Fruit_Watermelon_01_N.uasset" 360
"../../../../../../Users/Ole.Jaller/Documents/GitHub/EarthProjectZero/Content/Food_Pack_01/Materials/M_Food_Fruit_Watermelon_01.uasset" 361
"../../../../../../Users/Ole.Jaller/Documents/GitHub/EarthProjectZero/Content/Food_Pack_01/Meshes/Food_Fruit_Watermelon_01_Half_01.uasset" 362
"../../../../../../Users/Ole.Jaller/Documents/GitHub/EarthProjectZero/Content/Geometry/Meshes/TemplateFloor.uasset" 363
"../../../../../../Users/Ole.Jaller/Documents/GitHub/EarthProjectZero/Content/M_Cherry_Tree.uasset" 364
"../../../../../../Users/Ole.Jaller/Documents/GitHub/EarthProjectZero/Content/M_TreeBark.uasset" 365
"../../../../../../Users/Ole.Jaller/Documents/GitHub/EarthProjectZero/Content/InfinityBladeGrassLands/Environments/Earth/StaticMesh/SM_Cherry_Tree.uasset" 366
"../../../../../../Users/Ole.Jaller/Documents/GitHub/EarthProjectZero/Content/M_GroundCover_LEafy_2.uasset" 367
"../../../../../../Users/Ole.Jaller/Documents/GitHub/EarthProjectZero/Content/InfinityBladeGrassLands/Environments/Earth/StaticMesh/SM_GroundCover_Leafy01.uasset" 368
"../../../../../../Users/Ole.Jaller/Documents/GitHub/EarthProjectZero/Content/M_GroundCover_LEafy.uasset" 369
"../../../../../../Users/Ole.Jaller/Documents/GitHub/EarthProjectZero/Content/InfinityBladeGrassLands/Environments/Earth/StaticMesh/SM_GroundCover_Leafy03.uasset" 370
"../../../../../../Users/Ole.Jaller/Documents/GitHub/EarthProjectZero/Content/InfinityBladeGrassLands/Environments/Earth/Textures/T_BranchTrunk_D.uasset" 371
"../../../../../../Users/Ole.Jaller/Documents/GitHub/EarthProjectZero/Content/InfinityBladeGrassLands/Environments/Earth/Materials/M_LeavesPile.uasset" 372
"../../../../../../Users/Ole.Jaller/Documents/GitHub/EarthProjectZero/Content/InfinityBladeGrassLands/Environments/Earth/StaticMesh/SM_LeavePiles_02.uasset" 373
"../../../../../../Users/Ole.Jaller/Documents/GitHub/EarthProjectZero/Content/M_Exo_Generic_Plants.uasset" 374
"../../../../../../Users/Ole.Jaller/Documents/GitHub/EarthProjectZero/Content/InfinityBladeGrassLands/Environments/Earth/StaticMesh/SM_SmallTree02.uasset" 375
"../../../../../../Users/Ole.Jaller/Documents/GitHub/EarthProjectZero/Content/InfinityBladeGrassLands/Environments/Plains/Env_Plains_Flora/Textures/T_Plains_Fern01_D.uasset" 376
"../../../../../../Users/Ole.Jaller/Documents/GitHub/EarthProjectZero/Content/InfinityBladeGrassLands/Environments/Plains/Env_Plains_Flora/Textures/T_Plains_Fern01_N.uasset" 377
"../../../../../../Users/Ole.Jaller/Documents/GitHub/EarthProjectZero/Content/InfinityBladeGrassLands/Environments/Plains/Env_Plains_Flora/Materials/M_PLains_Fern01.uasset" 378
"../../../../../../Users/Ole.Jaller/Documents/GitHub/EarthProjectZero/Content/InfinityBladeGrassLands/Environments/Plains/Env_Plains_Flora/StaticMesh/SM_Plains_Fern02.uasset" 379
"../../../../../../Users/Ole.Jaller/Documents/GitHub/EarthProjectZero/Content/InfinityBladeGrassLands/Environments/Plains/Env_Plains_Flora/StaticMesh/SM_Plains_Flowers01.uasset" 380
"../../../../../../Users/Ole.Jaller/Documents/GitHub/EarthProjectZero/Content/M_PLains_Fern01_2.uasset" 381
"../../../../../../Users/Ole.Jaller/Documents/GitHub/EarthProjectZero/Content/InfinityBladeGrassLands/Environments/Plains/Env_Plains_Flora/StaticMesh/SM_Plains_Flowers02.uasset" 382
"../../../../../../Users/Ole.Jaller/Documents/GitHub/EarthProjectZero/Content/InfinityBladeGrassLands/Environments/Plains/Env_Plains_Flora/StaticMesh/SM_Plains_Flowers03.uasset" 383
"../../../../../../Users/Ole.Jaller/Documents/GitHub/EarthProjectZero/Content/InfinityBladeGrassLands/Environments/Plains/Env_Plains_Flora/StaticMesh/SM_Plains_Flowers04.uasset" 384
"../../../../../../Users/Ole.Jaller/Documents/GitHub/EarthProjectZero/Content/M_PLains_Fern01.uasset" 385
"../../../../../../Users/Ole.Jaller/Documents/GitHub/EarthProjectZero/Content/InfinityBladeGrassLands/Environments/Plains/Env_Plains_Flora/StaticMesh/SM_Plains_Grass01.uasset" 386
"../../../../../../Users/Ole.Jaller/Documents/GitHub/EarthProjectZero/Content/ThirdPersonBP/Maps/BasicRotationMap.umap" 387
"../../../../../../Users/Ole.Jaller/Documents/GitHub/EarthProjectZero/Content/ThirdPersonBP/Blueprints/BP_DeathZone.uasset" 388
"../../../../../../Users/Ole.Jaller/Documents/GitHub/EarthProjectZero/Content/ThirdPersonBP/Blueprints/BP_PlayerBlocker.uasset" 389
"../../../../../../Users/Ole.Jaller/Documents/GitHub/EarthProjectZero/Content/TestFolder/Materials/MM_FoodItems_02.uasset" 390
"../../../../../../Users/Ole.Jaller/Documents/GitHub/EarthProjectZero/Content/ThirdPersonBP/Blueprints/Elevator/BP_ElevatorButton.uasset" 391
"../../../../../../Users/Ole.Jaller/Documents/GitHub/EarthProjectZero/Content/ThirdPersonBP/Blueprints/Elevator/BP_HorizontalElevator.uasset" 392
"../../../../../../Users/Ole.Jaller/Documents/GitHub/EarthProjectZero/Content/ThirdPersonBP/Blueprints/Elevator/BP_HorizontalElevator1.uasset" 393
"../../../../../../Users/Ole.Jaller/Documents/GitHub/EarthProjectZero/Content/ThirdPersonBP/Maps/BasicRotationMap2_BuiltData.uasset" 394
"../../../../../../Users/Ole.Jaller/Documents/GitHub/EarthProjectZero/Content/StarterContent/Textures/T_Ground_Grass_D.uasset" 395
"../../../../../../Users/Ole.Jaller/Documents/GitHub/EarthProjectZero/Content/StarterContent/Textures/T_Ground_Grass_N.uasset" 396
"../../../../../../Users/Ole.Jaller/Documents/GitHub/EarthProjectZero/Content/StarterContent/Materials/M_Ground_Grass.uasset" 397
"../../../../../../Users/Ole.Jaller/Documents/GitHub/EarthProjectZero/Content/Food_Pack_01/Meshes/Food_Bread_French_01_SliceLoaf.uasset" 398
"../../../../../../Users/Ole.Jaller/Documents/GitHub/EarthProjectZero/Content/Food_Pack_01/Meshes/Food_Fruit_Apple_Green_01.uasset" 399
"../../../../../../Users/Ole.Jaller/Documents/GitHub/EarthProjectZero/Content/Food_Pack_01/Textures/T_Food_Fruit_Avocado_01_D.uasset" 400
"../../../../../../Users/Ole.Jaller/Documents/GitHub/EarthProjectZero/Content/Food_Pack_01/Textures/T_Food_Fruit_Avocado_01_M.uasset" 401
"../../../../../../Users/Ole.Jaller/Documents/GitHub/EarthProjectZero/Content/Food_Pack_01/Textures/T_Food_Fruit_Avocado_01_N.uasset" 402
"../../../../../../Users/Ole.Jaller/Documents/GitHub/EarthProjectZero/Content/Food_Pack_01/Materials/M_Food_Fruit_Avocado_01.uasset" 403
"../../../../../../Users/Ole.Jaller/Documents/GitHub/EarthProjectZero/Content/Food_Pack_01/Meshes/Food_Fruit_Avocado_01_Half_02.uasset" 404
"../../../../../../Users/Ole.Jaller/Documents/GitHub/EarthProjectZero/Content/Food_Pack_01/Textures/T_Food_Fruit_Banana_01_D.uasset" 405
"../../../../../../Users/Ole.Jaller/Documents/GitHub/EarthProjectZero/Content/Food_Pack_01/Textures/T_Food_Fruit_Banana_01_M.uasset" 406
"../../../../../../Users/Ole.Jaller/Documents/GitHub/EarthProjectZero/Content/Food_Pack_01/Textures/T_Food_Fruit_Banana_01_N.uasset" 407
"../../../../../../Users/Ole.Jaller/Documents/GitHub/EarthProjectZero/Content/Food_Pack_01/Materials/M_Food_Fruit_Banana_01.uasset" 408
"../../../../../../Users/Ole.Jaller/Documents/GitHub/EarthProjectZero/Content/Food_Pack_01/Meshes/Food_Fruit_Banana_01.uasset" 409
"../../../../../../Users/Ole.Jaller/Documents/GitHub/EarthProjectZero/Content/Food_Pack_01/Textures/T_Food_Fruit_Coconut_01_D.uasset" 410
"../../../../../../Users/Ole.Jaller/Documents/GitHub/EarthProjectZero/Content/Food_Pack_01/Textures/T_Food_Fruit_Coconut_01_M.uasset" 411
"../../../../../../Users/Ole.Jaller/Documents/GitHub/EarthProjectZero/Content/Food_Pack_01/Textures/T_Food_Fruit_Coconut_01_N.uasset" 412
"../../../../../../Users/Ole.Jaller/Documents/GitHub/EarthProjectZero/Content/Food_Pack_01/Materials/M_Food_Fruit_Coconut_01.uasset" 413
"../../../../../../Users/Ole.Jaller/Documents/GitHub/EarthProjectZero/Content/Food_Pack_01/Meshes/Food_Fruit_Coconut_01.uasset" 414
"../../../../../../Users/Ole.Jaller/Documents/GitHub/EarthProjectZero/Content/Food_Pack_01/Textures/T_Food_Fruit_Mango_02_D.uasset" 415
"../../../../../../Users/Ole.Jaller/Documents/GitHub/EarthProjectZero/Content/Food_Pack_01/Textures/T_Food_Fruit_Mango_02_M.uasset" 416
"../../../../../../Users/Ole.Jaller/Documents/GitHub/EarthProjectZero/Content/Food_Pack_01/Textures/T_Food_Fruit_Mango_02_N.uasset" 417
"../../../../../../Users/Ole.Jaller/Documents/GitHub/EarthProjectZero/Content/Food_Pack_01/Materials/M_Food_Fruit_Mango_02.uasset" 418
"../../../../../../Users/Ole.Jaller/Documents/GitHub/EarthProjectZero/Content/Food_Pack_01/Meshes/Food_Fruit_Mango_02.uasset" 419
"../../../../../../Users/Ole.Jaller/Documents/GitHub/EarthProjectZero/Content/Food_Pack_01/Textures/T_Food_Fruit_Orange_01_D.uasset" 420
"../../../../../../Users/Ole.Jaller/Documents/GitHub/EarthProjectZero/Content/Food_Pack_01/Textures/T_Food_Fruit_Orange_01_M.uasset" 421
"../../../../../../Users/Ole.Jaller/Documents/GitHub/EarthProjectZero/Content/Food_Pack_01/Textures/T_Food_Fruit_Orange_01_N.uasset" 422
"../../../../../../Users/Ole.Jaller/Documents/GitHub/EarthProjectZero/Content/Food_Pack_01/Materials/M_Food_Fruit_Orange_01.uasset" 423
"../../../../../../Users/Ole.Jaller/Documents/GitHub/EarthProjectZero/Content/Food_Pack_01/Meshes/Food_Fruit_Orange_01.uasset" 424
"../../../../../../Users/Ole.Jaller/Documents/GitHub/EarthProjectZero/Content/Food_Pack_01/Textures/T_Food_Fruit_Peach_01_D.uasset" 425
"../../../../../../Users/Ole.Jaller/Documents/GitHub/EarthProjectZero/Content/Food_Pack_01/Textures/T_Food_Fruit_Peach_01_M.uasset" 426
"../../../../../../Users/Ole.Jaller/Documents/GitHub/EarthProjectZero/Content/Food_Pack_01/Textures/T_Food_Fruit_Peach_01_N.uasset" 427
"../../../../../../Users/Ole.Jaller/Documents/GitHub/EarthProjectZero/Content/Food_Pack_01/Materials/M_Food_Fruit_Peach_01.uasset" 428
"../../../../../../Users/Ole.Jaller/Documents/GitHub/EarthProjectZero/Content/Food_Pack_01/Meshes/Food_Fruit_Peach_01_Half_02.uasset" 429
"../../../../../../Users/Ole.Jaller/Documents/GitHub/EarthProjectZero/Content/Food_Pack_01/Textures/T_Food_Fruit_Pineapple_01_D.uasset" 430
"../../../../../../Users/Ole.Jaller/Documents/GitHub/EarthProjectZero/Content/Food_Pack_01/Textures/T_Food_Fruit_Pineapple_01_M.uasset" 431
"../../../../../../Users/Ole.Jaller/Documents/GitHub/EarthProjectZero/Content/Food_Pack_01/Textures/T_Food_Fruit_Pineapple_01_N.uasset" 432
"../../../../../../Users/Ole.Jaller/Documents/GitHub/EarthProjectZero/Content/Food_Pack_01/Materials/M_Food_Fruit_Pineapple_01.uasset" 433
"../../../../../../Users/Ole.Jaller/Documents/GitHub/EarthProjectZero/Content/Food_Pack_01/Meshes/Food_Fruit_Pineapple_01.uasset" 434
"../../../../../../Users/Ole.Jaller/Documents/GitHub/EarthProjectZero/Content/Food_Pack_01/Textures/T_Food_Veg_Cucumber_01_D.uasset" 435
"../../../../../../Users/Ole.Jaller/Documents/GitHub/EarthProjectZero/Content/Food_Pack_01/Textures/T_Food_Veg_Cucumber_01_M.uasset" 436
"../../../../../../Users/Ole.Jaller/Documents/GitHub/EarthProjectZero/Content/Food_Pack_01/Textures/T_Food_Veg_Cucumber_01_N.uasset" 437
"../../../../../../Users/Ole.Jaller/Documents/GitHub/EarthProjectZero/Content/Food_Pack_01/Materials/M_Food_Veg_Cucumber_01.uasset" 438
"../../../../../../Users/Ole.Jaller/Documents/GitHub/EarthProjectZero/Content/Food_Pack_01/Meshes/Food_Veg_Cucumber_01.uasset" 439
"../../../../../../Users/Ole.Jaller/Documents/GitHub/EarthProjectZero/Content/Food_Pack_01/Textures/T_Food_Veg_Onion_Red_01_D.uasset" 440
"../../../../../../Users/Ole.Jaller/Documents/GitHub/EarthProjectZero/Content/Food_Pack_01/Textures/T_Food_Veg_Onion_Red_01_M.uasset" 441
"../../../../../../Users/Ole.Jaller/Documents/GitHub/EarthProjectZero/Content/Food_Pack_01/Textures/T_Food_Veg_Onion_Red_01_N.uasset" 442
"../../../../../../Users/Ole.Jaller/Documents/GitHub/EarthProjectZero/Content/Food_Pack_01/Materials/M_Food_Veg_Onion_Red_01.uasset" 443
"../../../../../../Users/Ole.Jaller/Documents/GitHub/EarthProjectZero/Content/Food_Pack_01/Meshes/Food_Veg_Onion_Red_01.uasset" 444
"../../../../../../Users/Ole.Jaller/Documents/GitHub/EarthProjectZero/Content/Food_Pack_01/MoreMeshes/defaultMat.uasset" 445
"../../../../../../Users/Ole.Jaller/Documents/GitHub/EarthProjectZero/Content/Food_Pack_01/MoreMeshes/uploads_files_2039024_OBJ.uasset" 446
"../../../../../../Users/Ole.Jaller/Documents/GitHub/EarthProjectZero/Content/InfinityBladeGrassLands/Environments/Plains/Env_Plains_Flora/StaticMesh/SM_Plains_Fern04.uasset" 447
"../../../../../../Users/Ole.Jaller/Documents/GitHub/EarthProjectZero/Content/ThirdPersonBP/Maps/BasicRotationMap2.umap" 448
"../../../../../../Users/Ole.Jaller/Documents/GitHub/EarthProjectZero/Content/ThirdPersonBP/Maps/Empty.umap" 449
"../../../../../../Users/Ole.Jaller/Documents/GitHub/EarthProjectZero/Content/ThirdPersonBP/Blueprints/Widgets/MainMenuScreen3.uasset" 450
"../../../../../../Users/Ole.Jaller/Documents/GitHub/EarthProjectZero/Content/ThirdPersonBP/Blueprints/Widgets/StoryScreen__1_.uasset" 451
"../../../../../../Users/Ole.Jaller/Documents/GitHub/EarthProjectZero/Content/ThirdPersonBP/Blueprints/Widgets/WBP_StoryScreen.uasset" 452
"../../../../../../Users/Ole.Jaller/Documents/GitHub/EarthProjectZero/Content/ThirdPersonBP/Blueprints/Widgets/WBP_MainMenu.uasset" 453
"../../../../../../Users/Ole.Jaller/Documents/GitHub/EarthProjectZero/Content/ThirdPersonBP/Maps/Map_MainMenu.umap" 454
"../../../Engine/Content/Maps/Entry_BuiltData.uasset" 455
"../../../Engine/Content/Maps/Entry.umap" 456
